<?xml version="1.0" encoding="UTF-8"?>
<!-- Generated by org.testng.reporters.JUnitXMLReporter -->
<testsuite ignored="0" hostname="DESKTOP-8JG2CAK" failures="0" tests="3" name="Default test" time="33.705" errors="0" timestamp="2020-09-02T17:02:01 IST">
  <testcase classname="StepDef.Login" name="verifyPageTitle" time="0.3"/>
  <testcase classname="StepDef.Login" name="navSigninPage" time="5.05"/>
  <testcase classname="StepDef.Login" name="performLogin" time="7.153"/>
</testsuite> <!-- Default test -->
