<?xml version="1.0" encoding="UTF-8"?>
<testng-results ignored="0" total="3" passed="3" failed="0" skipped="0">
  <reporter-output>
  </reporter-output>
  <suite started-at="2020-09-02T17:01:28 IST" name="Default suite" finished-at="2020-09-02T17:02:01 IST" duration-ms="33705">
    <groups>
    </groups>
    <test started-at="2020-09-02T17:01:28 IST" name="Default test" finished-at="2020-09-02T17:02:01 IST" duration-ms="33705">
      <class name="StepDef.Login">
        <test-method is-config="true" signature="browserLaunch()[pri:0, instance:StepDef.Login@e1de817]" started-at="2020-09-02T17:01:28 IST" name="browserLaunch" finished-at="2020-09-02T17:01:49 IST" duration-ms="21155" status="PASS">
          <reporter-output>
          </reporter-output>
        </test-method> <!-- browserLaunch -->
        <test-method signature="verifyPageTitle()[pri:0, instance:StepDef.Login@e1de817]" started-at="2020-09-02T17:01:49 IST" name="verifyPageTitle" finished-at="2020-09-02T17:01:49 IST" duration-ms="300" status="PASS">
          <reporter-output>
          </reporter-output>
        </test-method> <!-- verifyPageTitle -->
        <test-method signature="navSigninPage()[pri:1, instance:StepDef.Login@e1de817]" started-at="2020-09-02T17:01:49 IST" name="navSigninPage" finished-at="2020-09-02T17:01:54 IST" duration-ms="5050" status="PASS">
          <reporter-output>
          </reporter-output>
        </test-method> <!-- navSigninPage -->
        <test-method signature="performLogin()[pri:2, instance:StepDef.Login@e1de817]" started-at="2020-09-02T17:01:54 IST" name="performLogin" finished-at="2020-09-02T17:02:01 IST" duration-ms="7153" status="PASS">
          <reporter-output>
          </reporter-output>
        </test-method> <!-- performLogin -->
      </class> <!-- StepDef.Login -->
    </test> <!-- Default test -->
  </suite> <!-- Default suite -->
</testng-results>
